[0m19:13:07.889939 [debug] [MainThread]: Sending event: {'category': 'dbt', 'action': 'invocation', 'label': 'start', 'context': [<snowplow_tracker.self_describing_json.SelfDescribingJson object at 0x705f52bfa1e0>, <snowplow_tracker.self_describing_json.SelfDescribingJson object at 0x705f531b43e0>, <snowplow_tracker.self_describing_json.SelfDescribingJson object at 0x705f52db0e00>]}


============================== 19:13:07.892650 | 9c10ed03-c95a-4ef0-a432-77fca2d5c51b ==============================
[0m19:13:07.892650 [info ] [MainThread]: Running with dbt=1.9.2
[0m19:13:07.893096 [debug] [MainThread]: running dbt with arguments {'printer_width': '80', 'indirect_selection': 'eager', 'write_json': 'True', 'log_cache_events': 'False', 'partial_parse': 'True', 'cache_selected_only': 'False', 'warn_error': 'None', 'version_check': 'True', 'profiles_dir': '/home/alexandre-colmenero/.dbt', 'log_path': 'logs', 'debug': 'False', 'fail_fast': 'False', 'use_colors': 'True', 'use_experimental_parser': 'False', 'no_print': 'None', 'quiet': 'False', 'empty': 'None', 'warn_error_options': 'WarnErrorOptions(include=[], exclude=[])', 'introspect': 'True', 'invocation_command': 'dbt init', 'log_format': 'default', 'target_path': 'None', 'static_parser': 'True', 'send_anonymous_usage_stats': 'True'}
[0m19:13:13.529917 [debug] [MainThread]: Starter project path: /home/alexandre-colmenero/.cache/pypoetry/virtualenvs/dbt-env-LS_1VWbQ-py3.12/lib/python3.12/site-packages/dbt/include/starter_project
[0m19:13:13.532264 [info ] [MainThread]: 
Your new dbt project "dbt_project" was created!

For more information on how to configure the profiles.yml file,
please consult the dbt documentation here:

  https://docs.getdbt.com/docs/configure-your-profile

One more thing:

Need help? Don't hesitate to reach out to us via GitHub issues or on Slack:

  https://community.getdbt.com/

Happy modeling!

[0m19:13:13.532615 [info ] [MainThread]: Setting up your profile.
[0m19:15:08.937014 [info ] [MainThread]: Profile dbt_project written to /home/alexandre-colmenero/.dbt/profiles.yml using target's profile_template.yml and your supplied values. Run 'dbt debug' to validate the connection.
[0m19:15:08.938170 [debug] [MainThread]: Resource report: {"command_name": "init", "command_success": true, "command_wall_clock_time": 121.122086, "process_in_blocks": "0", "process_kernel_time": 0.258797, "process_mem_max_rss": "195780", "process_out_blocks": "728", "process_user_time": 2.335173}
[0m19:15:08.938739 [debug] [MainThread]: Command `dbt init` succeeded at 19:15:08.938622 after 121.12 seconds
[0m19:15:08.939153 [debug] [MainThread]: Sending event: {'category': 'dbt', 'action': 'invocation', 'label': 'end', 'context': [<snowplow_tracker.self_describing_json.SelfDescribingJson object at 0x705f28cb1730>, <snowplow_tracker.self_describing_json.SelfDescribingJson object at 0x705f53117d40>, <snowplow_tracker.self_describing_json.SelfDescribingJson object at 0x705f53116ab0>]}
[0m19:15:08.939593 [debug] [MainThread]: Flushing usage events
[0m19:15:09.858922 [debug] [MainThread]: An error was encountered while trying to flush usage events
[0m19:15:15.422488 [debug] [MainThread]: Sending event: {'category': 'dbt', 'action': 'invocation', 'label': 'start', 'context': [<snowplow_tracker.self_describing_json.SelfDescribingJson object at 0x7f97095f4860>, <snowplow_tracker.self_describing_json.SelfDescribingJson object at 0x7f9709daf770>, <snowplow_tracker.self_describing_json.SelfDescribingJson object at 0x7f970998a2a0>]}


============================== 19:15:15.425202 | 2dedfa9a-c725-4127-8ab5-e12431ff142a ==============================
[0m19:15:15.425202 [info ] [MainThread]: Running with dbt=1.9.2
[0m19:15:15.425725 [debug] [MainThread]: running dbt with arguments {'printer_width': '80', 'indirect_selection': 'eager', 'write_json': 'True', 'log_cache_events': 'False', 'partial_parse': 'True', 'cache_selected_only': 'False', 'warn_error': 'None', 'version_check': 'True', 'profiles_dir': '/home/alexandre-colmenero/.dbt', 'log_path': 'logs', 'fail_fast': 'False', 'debug': 'False', 'use_colors': 'True', 'use_experimental_parser': 'False', 'no_print': 'None', 'quiet': 'False', 'empty': 'None', 'warn_error_options': 'WarnErrorOptions(include=[], exclude=[])', 'static_parser': 'True', 'invocation_command': 'dbt debug', 'introspect': 'True', 'target_path': 'None', 'log_format': 'default', 'send_anonymous_usage_stats': 'True'}
[0m19:15:15.435190 [info ] [MainThread]: dbt version: 1.9.2
[0m19:15:15.435514 [info ] [MainThread]: python version: 3.12.3
[0m19:15:15.435783 [info ] [MainThread]: python path: /home/alexandre-colmenero/.cache/pypoetry/virtualenvs/dbt-env-LS_1VWbQ-py3.12/bin/python
[0m19:15:15.436040 [info ] [MainThread]: os info: Linux-6.8.0-52-generic-x86_64-with-glibc2.39
[0m19:15:16.011608 [info ] [MainThread]: Using profiles dir at /home/alexandre-colmenero/.dbt
[0m19:15:16.012027 [info ] [MainThread]: Using profiles.yml file at /home/alexandre-colmenero/.dbt/profiles.yml
[0m19:15:16.012343 [info ] [MainThread]: Using dbt_project.yml file at /home/alexandre-colmenero/Estudo/dbt/dbt_env/dbt_project.yml
[0m19:15:16.012691 [error] [MainThread]: Encountered an error:
Internal Error
  Profile should not be None if loading profile completed
[0m19:15:16.013456 [debug] [MainThread]: Resource report: {"command_name": "debug", "command_success": false, "command_wall_clock_time": 0.6704069, "process_in_blocks": "0", "process_kernel_time": 0.250871, "process_mem_max_rss": "196868", "process_out_blocks": "64", "process_user_time": 2.316576}
[0m19:15:16.013848 [debug] [MainThread]: Command `dbt debug` failed at 19:15:16.013760 after 0.67 seconds
[0m19:15:16.014160 [debug] [MainThread]: Sending event: {'category': 'dbt', 'action': 'invocation', 'label': 'end', 'context': [<snowplow_tracker.self_describing_json.SelfDescribingJson object at 0x7f9709c695b0>, <snowplow_tracker.self_describing_json.SelfDescribingJson object at 0x7f96db1b15b0>, <snowplow_tracker.self_describing_json.SelfDescribingJson object at 0x7f97095f71a0>]}
[0m19:15:16.014506 [debug] [MainThread]: Flushing usage events
[0m19:15:16.649945 [debug] [MainThread]: An error was encountered while trying to flush usage events
[0m19:17:50.491634 [debug] [MainThread]: Sending event: {'category': 'dbt', 'action': 'invocation', 'label': 'start', 'context': [<snowplow_tracker.self_describing_json.SelfDescribingJson object at 0x7b89ff466420>, <snowplow_tracker.self_describing_json.SelfDescribingJson object at 0x7b89ffaa5df0>, <snowplow_tracker.self_describing_json.SelfDescribingJson object at 0x7b89ff4661b0>]}


============================== 19:17:50.494303 | 7f915580-e385-4e5c-a382-c4f47e53588a ==============================
[0m19:17:50.494303 [info ] [MainThread]: Running with dbt=1.9.2
[0m19:17:50.494757 [debug] [MainThread]: running dbt with arguments {'printer_width': '80', 'indirect_selection': 'eager', 'log_cache_events': 'False', 'write_json': 'True', 'partial_parse': 'True', 'cache_selected_only': 'False', 'profiles_dir': '/home/alexandre-colmenero/.dbt', 'debug': 'False', 'warn_error': 'None', 'log_path': 'logs', 'version_check': 'True', 'fail_fast': 'False', 'use_colors': 'True', 'use_experimental_parser': 'False', 'no_print': 'None', 'quiet': 'False', 'empty': 'None', 'warn_error_options': 'WarnErrorOptions(include=[], exclude=[])', 'static_parser': 'True', 'invocation_command': 'dbt debug', 'introspect': 'True', 'target_path': 'None', 'log_format': 'default', 'send_anonymous_usage_stats': 'True'}
[0m19:17:50.501188 [info ] [MainThread]: dbt version: 1.9.2
[0m19:17:50.501501 [info ] [MainThread]: python version: 3.12.3
[0m19:17:50.501774 [info ] [MainThread]: python path: /home/alexandre-colmenero/.cache/pypoetry/virtualenvs/dbt-env-LS_1VWbQ-py3.12/bin/python
[0m19:17:50.502039 [info ] [MainThread]: os info: Linux-6.8.0-52-generic-x86_64-with-glibc2.39
[0m19:17:51.071537 [info ] [MainThread]: Using profiles dir at /home/alexandre-colmenero/.dbt
[0m19:17:51.071958 [info ] [MainThread]: Using profiles.yml file at /home/alexandre-colmenero/.dbt/profiles.yml
[0m19:17:51.072252 [info ] [MainThread]: Using dbt_project.yml file at /home/alexandre-colmenero/Estudo/dbt/dbt_env/dbt_project.yml
[0m19:17:51.072549 [info ] [MainThread]: adapter type: bigquery
[0m19:17:51.072814 [info ] [MainThread]: adapter version: 1.9.1
[0m19:17:51.073087 [info ] [MainThread]: Configuration:
[0m19:17:51.073341 [info ] [MainThread]:   profiles.yml file [[32mOK found and valid[0m]
[0m19:17:51.073603 [info ] [MainThread]:   dbt_project.yml file [[31mERROR not found[0m]
[0m19:17:51.073854 [info ] [MainThread]: Required dependencies:
[0m19:17:51.074123 [debug] [MainThread]: Executing "git --help"
[0m19:17:51.076172 [debug] [MainThread]: STDOUT: "b"usage: git [-v | --version] [-h | --help] [-C <path>] [-c <name>=<value>]\n           [--exec-path[=<path>]] [--html-path] [--man-path] [--info-path]\n           [-p | --paginate | -P | --no-pager] [--no-replace-objects] [--bare]\n           [--git-dir=<path>] [--work-tree=<path>] [--namespace=<name>]\n           [--config-env=<name>=<envvar>] <command> [<args>]\n\nThese are common Git commands used in various situations:\n\nstart a working area (see also: git help tutorial)\n   clone     Clone a repository into a new directory\n   init      Create an empty Git repository or reinitialize an existing one\n\nwork on the current change (see also: git help everyday)\n   add       Add file contents to the index\n   mv        Move or rename a file, a directory, or a symlink\n   restore   Restore working tree files\n   rm        Remove files from the working tree and from the index\n\nexamine the history and state (see also: git help revisions)\n   bisect    Use binary search to find the commit that introduced a bug\n   diff      Show changes between commits, commit and working tree, etc\n   grep      Print lines matching a pattern\n   log       Show commit logs\n   show      Show various types of objects\n   status    Show the working tree status\n\ngrow, mark and tweak your common history\n   branch    List, create, or delete branches\n   commit    Record changes to the repository\n   merge     Join two or more development histories together\n   rebase    Reapply commits on top of another base tip\n   reset     Reset current HEAD to the specified state\n   switch    Switch branches\n   tag       Create, list, delete or verify a tag object signed with GPG\n\ncollaborate (see also: git help workflows)\n   fetch     Download objects and refs from another repository\n   pull      Fetch from and integrate with another repository or a local branch\n   push      Update remote refs along with associated objects\n\n'git help -a' and 'git help -g' list available subcommands and some\nconcept guides. See 'git help <command>' or 'git help <concept>'\nto read about a specific subcommand or concept.\nSee 'git help git' for an overview of the system.\n""
[0m19:17:51.076504 [debug] [MainThread]: STDERR: "b''"
[0m19:17:51.076759 [info ] [MainThread]:  - git [[32mOK found[0m]

[0m19:17:51.077020 [info ] [MainThread]: Connection:
[0m19:17:51.077291 [info ] [MainThread]:   method: service-account
[0m19:17:51.077559 [info ] [MainThread]:   database: estudos-414618
[0m19:17:51.077809 [info ] [MainThread]:   execution_project: estudos-414618
[0m19:17:51.078053 [info ] [MainThread]:   schema: dbt
[0m19:17:51.078295 [info ] [MainThread]:   location: US
[0m19:17:51.078549 [info ] [MainThread]:   priority: interactive
[0m19:17:51.078798 [info ] [MainThread]:   maximum_bytes_billed: None
[0m19:17:51.079042 [info ] [MainThread]:   impersonate_service_account: None
[0m19:17:51.079287 [info ] [MainThread]:   job_retry_deadline_seconds: None
[0m19:17:51.079544 [info ] [MainThread]:   job_retries: 1
[0m19:17:51.079789 [info ] [MainThread]:   job_creation_timeout_seconds: None
[0m19:17:51.080034 [info ] [MainThread]:   job_execution_timeout_seconds: 300
[0m19:17:51.080311 [info ] [MainThread]:   timeout_seconds: 300
[0m19:17:51.080571 [info ] [MainThread]:   client_id: None
[0m19:17:51.080817 [info ] [MainThread]:   token_uri: None
[0m19:17:51.081058 [info ] [MainThread]:   dataproc_region: None
[0m19:17:51.081300 [info ] [MainThread]:   dataproc_cluster_name: None
[0m19:17:51.081566 [info ] [MainThread]:   gcs_bucket: None
[0m19:17:51.081810 [info ] [MainThread]:   dataproc_batch: None
[0m19:17:51.082180 [info ] [MainThread]: Registered adapter: bigquery=1.9.1
[0m19:17:51.192030 [debug] [MainThread]: Acquiring new bigquery connection 'debug'
[0m19:17:51.192445 [debug] [MainThread]: On debug: select 1 as id
[0m19:17:51.192746 [debug] [MainThread]: Opening a new connection, currently in state init
[0m19:17:52.116359 [error] [MainThread]: BigQuery adapter: https://console.cloud.google.com/bigquery?project=estudos-414618&j=bq:US:de3a0375-a642-4402-bc99-da7d247e9969&page=queryresults
[0m19:17:52.117070 [info ] [MainThread]:   Connection test: [[31mERROR[0m]

[0m19:17:52.117429 [info ] [MainThread]: [31m2 checks failed:[0m
[0m19:17:52.117738 [info ] [MainThread]: Project loading failed for the following reason:
 project path </home/alexandre-colmenero/Estudo/dbt/dbt_env/dbt_project.yml> not found

[0m19:17:52.118013 [info ] [MainThread]: dbt was unable to connect to the specified database.
The database returned the following error:

  >Database Error
  Access Denied: Project estudos-414618: User does not have bigquery.jobs.create permission in project estudos-414618.

Check your database credentials and try again. For more information, visit:
https://docs.getdbt.com/docs/configure-your-profile


[0m19:17:52.118884 [debug] [MainThread]: Resource report: {"command_name": "debug", "command_success": false, "command_wall_clock_time": 1.700974, "process_in_blocks": "0", "process_kernel_time": 0.28104, "process_mem_max_rss": "198492", "process_out_blocks": "24", "process_user_time": 2.43899}
[0m19:17:52.119339 [debug] [MainThread]: Command `dbt debug` failed at 19:17:52.119233 after 1.70 seconds
[0m19:17:52.119717 [debug] [MainThread]: Connection 'debug' was properly closed.
[0m19:17:52.120082 [debug] [MainThread]: Sending event: {'category': 'dbt', 'action': 'invocation', 'label': 'end', 'context': [<snowplow_tracker.self_describing_json.SelfDescribingJson object at 0x7b89ff987da0>, <snowplow_tracker.self_describing_json.SelfDescribingJson object at 0x7b89fb96e870>, <snowplow_tracker.self_describing_json.SelfDescribingJson object at 0x7b89ff358140>]}
[0m19:17:52.120531 [debug] [MainThread]: Flushing usage events
[0m19:17:52.980752 [debug] [MainThread]: An error was encountered while trying to flush usage events
[0m19:23:50.829039 [debug] [MainThread]: Sending event: {'category': 'dbt', 'action': 'invocation', 'label': 'start', 'context': [<snowplow_tracker.self_describing_json.SelfDescribingJson object at 0x78aa26461e50>, <snowplow_tracker.self_describing_json.SelfDescribingJson object at 0x78aa270b54c0>, <snowplow_tracker.self_describing_json.SelfDescribingJson object at 0x78aa2543e3c0>]}


============================== 19:23:50.831761 | 223089ce-20a2-4174-94ec-523b6ba32de2 ==============================
[0m19:23:50.831761 [info ] [MainThread]: Running with dbt=1.9.2
[0m19:23:50.832229 [debug] [MainThread]: running dbt with arguments {'printer_width': '80', 'indirect_selection': 'eager', 'log_cache_events': 'False', 'write_json': 'True', 'partial_parse': 'True', 'cache_selected_only': 'False', 'warn_error': 'None', 'version_check': 'True', 'debug': 'False', 'log_path': 'logs', 'profiles_dir': '/home/alexandre-colmenero/.dbt', 'fail_fast': 'False', 'use_colors': 'True', 'use_experimental_parser': 'False', 'no_print': 'None', 'quiet': 'False', 'empty': 'None', 'warn_error_options': 'WarnErrorOptions(include=[], exclude=[])', 'introspect': 'True', 'log_format': 'default', 'invocation_command': 'dbt debug', 'target_path': 'None', 'static_parser': 'True', 'send_anonymous_usage_stats': 'True'}
[0m19:23:50.838749 [info ] [MainThread]: dbt version: 1.9.2
[0m19:23:50.839068 [info ] [MainThread]: python version: 3.12.3
[0m19:23:50.839358 [info ] [MainThread]: python path: /home/alexandre-colmenero/.cache/pypoetry/virtualenvs/dbt-env-LS_1VWbQ-py3.12/bin/python
[0m19:23:50.839656 [info ] [MainThread]: os info: Linux-6.8.0-52-generic-x86_64-with-glibc2.39
[0m19:23:51.413814 [info ] [MainThread]: Using profiles dir at /home/alexandre-colmenero/.dbt
[0m19:23:51.414226 [info ] [MainThread]: Using profiles.yml file at /home/alexandre-colmenero/.dbt/profiles.yml
[0m19:23:51.414535 [info ] [MainThread]: Using dbt_project.yml file at /home/alexandre-colmenero/Estudo/dbt/dbt_env/dbt_project.yml
[0m19:23:51.414814 [info ] [MainThread]: adapter type: bigquery
[0m19:23:51.415116 [info ] [MainThread]: adapter version: 1.9.1
[0m19:23:51.415436 [info ] [MainThread]: Configuration:
[0m19:23:51.415761 [info ] [MainThread]:   profiles.yml file [[32mOK found and valid[0m]
[0m19:23:51.416025 [info ] [MainThread]:   dbt_project.yml file [[31mERROR not found[0m]
[0m19:23:51.416279 [info ] [MainThread]: Required dependencies:
[0m19:23:51.416569 [debug] [MainThread]: Executing "git --help"
[0m19:23:51.418522 [debug] [MainThread]: STDOUT: "b"usage: git [-v | --version] [-h | --help] [-C <path>] [-c <name>=<value>]\n           [--exec-path[=<path>]] [--html-path] [--man-path] [--info-path]\n           [-p | --paginate | -P | --no-pager] [--no-replace-objects] [--bare]\n           [--git-dir=<path>] [--work-tree=<path>] [--namespace=<name>]\n           [--config-env=<name>=<envvar>] <command> [<args>]\n\nThese are common Git commands used in various situations:\n\nstart a working area (see also: git help tutorial)\n   clone     Clone a repository into a new directory\n   init      Create an empty Git repository or reinitialize an existing one\n\nwork on the current change (see also: git help everyday)\n   add       Add file contents to the index\n   mv        Move or rename a file, a directory, or a symlink\n   restore   Restore working tree files\n   rm        Remove files from the working tree and from the index\n\nexamine the history and state (see also: git help revisions)\n   bisect    Use binary search to find the commit that introduced a bug\n   diff      Show changes between commits, commit and working tree, etc\n   grep      Print lines matching a pattern\n   log       Show commit logs\n   show      Show various types of objects\n   status    Show the working tree status\n\ngrow, mark and tweak your common history\n   branch    List, create, or delete branches\n   commit    Record changes to the repository\n   merge     Join two or more development histories together\n   rebase    Reapply commits on top of another base tip\n   reset     Reset current HEAD to the specified state\n   switch    Switch branches\n   tag       Create, list, delete or verify a tag object signed with GPG\n\ncollaborate (see also: git help workflows)\n   fetch     Download objects and refs from another repository\n   pull      Fetch from and integrate with another repository or a local branch\n   push      Update remote refs along with associated objects\n\n'git help -a' and 'git help -g' list available subcommands and some\nconcept guides. See 'git help <command>' or 'git help <concept>'\nto read about a specific subcommand or concept.\nSee 'git help git' for an overview of the system.\n""
[0m19:23:51.418921 [debug] [MainThread]: STDERR: "b''"
[0m19:23:51.419335 [info ] [MainThread]:  - git [[32mOK found[0m]

[0m19:23:51.419744 [info ] [MainThread]: Connection:
[0m19:23:51.420039 [info ] [MainThread]:   method: service-account
[0m19:23:51.420326 [info ] [MainThread]:   database: estudos-414618
[0m19:23:51.420613 [info ] [MainThread]:   execution_project: estudos-414618
[0m19:23:51.421011 [info ] [MainThread]:   schema: dbt
[0m19:23:51.421441 [info ] [MainThread]:   location: US
[0m19:23:51.421756 [info ] [MainThread]:   priority: interactive
[0m19:23:51.422019 [info ] [MainThread]:   maximum_bytes_billed: None
[0m19:23:51.422303 [info ] [MainThread]:   impersonate_service_account: None
[0m19:23:51.422602 [info ] [MainThread]:   job_retry_deadline_seconds: None
[0m19:23:51.422903 [info ] [MainThread]:   job_retries: 1
[0m19:23:51.423152 [info ] [MainThread]:   job_creation_timeout_seconds: None
[0m19:23:51.423409 [info ] [MainThread]:   job_execution_timeout_seconds: 300
[0m19:23:51.423670 [info ] [MainThread]:   timeout_seconds: 300
[0m19:23:51.423948 [info ] [MainThread]:   client_id: None
[0m19:23:51.424201 [info ] [MainThread]:   token_uri: None
[0m19:23:51.424460 [info ] [MainThread]:   dataproc_region: None
[0m19:23:51.424707 [info ] [MainThread]:   dataproc_cluster_name: None
[0m19:23:51.424951 [info ] [MainThread]:   gcs_bucket: None
[0m19:23:51.425194 [info ] [MainThread]:   dataproc_batch: None
[0m19:23:51.425553 [info ] [MainThread]: Registered adapter: bigquery=1.9.1
[0m19:23:51.536094 [debug] [MainThread]: Acquiring new bigquery connection 'debug'
[0m19:23:51.536470 [debug] [MainThread]: On debug: select 1 as id
[0m19:23:51.536775 [debug] [MainThread]: Opening a new connection, currently in state init
[0m19:23:53.260488 [debug] [MainThread]: BigQuery adapter: https://console.cloud.google.com/bigquery?project=estudos-414618&j=bq:US:acef56c1-fa29-4b93-ba02-5deea2c88f32&page=queryresults
[0m19:23:53.959155 [info ] [MainThread]:   Connection test: [[32mOK connection ok[0m]

[0m19:23:53.959573 [info ] [MainThread]: [31m1 check failed:[0m
[0m19:23:53.959857 [info ] [MainThread]: Project loading failed for the following reason:
 project path </home/alexandre-colmenero/Estudo/dbt/dbt_env/dbt_project.yml> not found

[0m19:23:53.960666 [debug] [MainThread]: Resource report: {"command_name": "debug", "command_success": false, "command_wall_clock_time": 3.2080367, "process_in_blocks": "0", "process_kernel_time": 0.314422, "process_mem_max_rss": "205260", "process_out_blocks": "264", "process_user_time": 2.459659}
[0m19:23:53.961052 [debug] [MainThread]: Command `dbt debug` failed at 19:23:53.960963 after 3.21 seconds
[0m19:23:53.961352 [debug] [MainThread]: Connection 'debug' was properly closed.
[0m19:23:53.961669 [debug] [MainThread]: Sending event: {'category': 'dbt', 'action': 'invocation', 'label': 'end', 'context': [<snowplow_tracker.self_describing_json.SelfDescribingJson object at 0x78aa2563a7e0>, <snowplow_tracker.self_describing_json.SelfDescribingJson object at 0x78aa25239e80>, <snowplow_tracker.self_describing_json.SelfDescribingJson object at 0x78aa2586a0f0>]}
[0m19:23:53.962015 [debug] [MainThread]: Flushing usage events
[0m19:23:54.758656 [debug] [MainThread]: An error was encountered while trying to flush usage events
[0m19:25:24.363717 [debug] [MainThread]: Sending event: {'category': 'dbt', 'action': 'invocation', 'label': 'start', 'context': [<snowplow_tracker.self_describing_json.SelfDescribingJson object at 0x7c1a5f072bd0>, <snowplow_tracker.self_describing_json.SelfDescribingJson object at 0x7c1a5fb3b260>, <snowplow_tracker.self_describing_json.SelfDescribingJson object at 0x7c1a5f6a6ba0>]}


============================== 19:25:24.366611 | a11b85c4-9f6e-4e1d-80cb-629ae169f4fe ==============================
[0m19:25:24.366611 [info ] [MainThread]: Running with dbt=1.9.2
[0m19:25:24.367111 [debug] [MainThread]: running dbt with arguments {'printer_width': '80', 'indirect_selection': 'eager', 'log_cache_events': 'False', 'write_json': 'True', 'partial_parse': 'True', 'cache_selected_only': 'False', 'profiles_dir': '/home/alexandre-colmenero/.dbt', 'debug': 'False', 'version_check': 'True', 'log_path': 'logs', 'warn_error': 'None', 'fail_fast': 'False', 'use_colors': 'True', 'use_experimental_parser': 'False', 'empty': 'None', 'quiet': 'False', 'no_print': 'None', 'warn_error_options': 'WarnErrorOptions(include=[], exclude=[])', 'invocation_command': 'dbt debug', 'static_parser': 'True', 'introspect': 'True', 'target_path': 'None', 'log_format': 'default', 'send_anonymous_usage_stats': 'True'}
[0m19:25:24.373851 [info ] [MainThread]: dbt version: 1.9.2
[0m19:25:24.374165 [info ] [MainThread]: python version: 3.12.3
[0m19:25:24.374448 [info ] [MainThread]: python path: /home/alexandre-colmenero/.cache/pypoetry/virtualenvs/dbt-env-LS_1VWbQ-py3.12/bin/python
[0m19:25:24.374715 [info ] [MainThread]: os info: Linux-6.8.0-52-generic-x86_64-with-glibc2.39
[0m19:25:24.959513 [info ] [MainThread]: Using profiles dir at /home/alexandre-colmenero/.dbt
[0m19:25:24.959934 [info ] [MainThread]: Using profiles.yml file at /home/alexandre-colmenero/.dbt/profiles.yml
[0m19:25:24.960218 [info ] [MainThread]: Using dbt_project.yml file at /home/alexandre-colmenero/Estudo/dbt/dbt_env/dbt_project.yml
[0m19:25:24.960506 [info ] [MainThread]: adapter type: bigquery
[0m19:25:24.960809 [info ] [MainThread]: adapter version: 1.9.1
[0m19:25:24.961121 [info ] [MainThread]: Configuration:
[0m19:25:24.961409 [info ] [MainThread]:   profiles.yml file [[32mOK found and valid[0m]
[0m19:25:24.961679 [info ] [MainThread]:   dbt_project.yml file [[31mERROR not found[0m]
[0m19:25:24.961944 [info ] [MainThread]: Required dependencies:
[0m19:25:24.962250 [debug] [MainThread]: Executing "git --help"
[0m19:25:24.964380 [debug] [MainThread]: STDOUT: "b"usage: git [-v | --version] [-h | --help] [-C <path>] [-c <name>=<value>]\n           [--exec-path[=<path>]] [--html-path] [--man-path] [--info-path]\n           [-p | --paginate | -P | --no-pager] [--no-replace-objects] [--bare]\n           [--git-dir=<path>] [--work-tree=<path>] [--namespace=<name>]\n           [--config-env=<name>=<envvar>] <command> [<args>]\n\nThese are common Git commands used in various situations:\n\nstart a working area (see also: git help tutorial)\n   clone     Clone a repository into a new directory\n   init      Create an empty Git repository or reinitialize an existing one\n\nwork on the current change (see also: git help everyday)\n   add       Add file contents to the index\n   mv        Move or rename a file, a directory, or a symlink\n   restore   Restore working tree files\n   rm        Remove files from the working tree and from the index\n\nexamine the history and state (see also: git help revisions)\n   bisect    Use binary search to find the commit that introduced a bug\n   diff      Show changes between commits, commit and working tree, etc\n   grep      Print lines matching a pattern\n   log       Show commit logs\n   show      Show various types of objects\n   status    Show the working tree status\n\ngrow, mark and tweak your common history\n   branch    List, create, or delete branches\n   commit    Record changes to the repository\n   merge     Join two or more development histories together\n   rebase    Reapply commits on top of another base tip\n   reset     Reset current HEAD to the specified state\n   switch    Switch branches\n   tag       Create, list, delete or verify a tag object signed with GPG\n\ncollaborate (see also: git help workflows)\n   fetch     Download objects and refs from another repository\n   pull      Fetch from and integrate with another repository or a local branch\n   push      Update remote refs along with associated objects\n\n'git help -a' and 'git help -g' list available subcommands and some\nconcept guides. See 'git help <command>' or 'git help <concept>'\nto read about a specific subcommand or concept.\nSee 'git help git' for an overview of the system.\n""
[0m19:25:24.964732 [debug] [MainThread]: STDERR: "b''"
[0m19:25:24.964990 [info ] [MainThread]:  - git [[32mOK found[0m]

[0m19:25:24.965288 [info ] [MainThread]: Connection:
[0m19:25:24.965614 [info ] [MainThread]:   method: service-account
[0m19:25:24.965903 [info ] [MainThread]:   database: estudos-414618
[0m19:25:24.966188 [info ] [MainThread]:   execution_project: estudos-414618
[0m19:25:24.966490 [info ] [MainThread]:   schema: dbt
[0m19:25:24.966775 [info ] [MainThread]:   location: US
[0m19:25:24.967057 [info ] [MainThread]:   priority: interactive
[0m19:25:24.967417 [info ] [MainThread]:   maximum_bytes_billed: None
[0m19:25:24.967735 [info ] [MainThread]:   impersonate_service_account: None
[0m19:25:24.968028 [info ] [MainThread]:   job_retry_deadline_seconds: None
[0m19:25:24.968327 [info ] [MainThread]:   job_retries: 1
[0m19:25:24.968656 [info ] [MainThread]:   job_creation_timeout_seconds: None
[0m19:25:24.968954 [info ] [MainThread]:   job_execution_timeout_seconds: 300
[0m19:25:24.969237 [info ] [MainThread]:   timeout_seconds: 300
[0m19:25:24.969524 [info ] [MainThread]:   client_id: None
[0m19:25:24.969809 [info ] [MainThread]:   token_uri: None
[0m19:25:24.970085 [info ] [MainThread]:   dataproc_region: None
[0m19:25:24.970360 [info ] [MainThread]:   dataproc_cluster_name: None
[0m19:25:24.970654 [info ] [MainThread]:   gcs_bucket: None
[0m19:25:24.970930 [info ] [MainThread]:   dataproc_batch: None
[0m19:25:24.971309 [info ] [MainThread]: Registered adapter: bigquery=1.9.1
[0m19:25:25.082746 [debug] [MainThread]: Acquiring new bigquery connection 'debug'
[0m19:25:25.083137 [debug] [MainThread]: On debug: select 1 as id
[0m19:25:25.083444 [debug] [MainThread]: Opening a new connection, currently in state init
[0m19:25:25.763963 [debug] [MainThread]: BigQuery adapter: https://console.cloud.google.com/bigquery?project=estudos-414618&j=bq:US:89031d57-dffa-4090-b000-b3120d1953f8&page=queryresults
[0m19:25:26.342351 [info ] [MainThread]:   Connection test: [[32mOK connection ok[0m]

[0m19:25:26.343081 [info ] [MainThread]: [31m1 check failed:[0m
[0m19:25:26.343648 [info ] [MainThread]: Project loading failed for the following reason:
 project path </home/alexandre-colmenero/Estudo/dbt/dbt_env/dbt_project.yml> not found

[0m19:25:26.345211 [debug] [MainThread]: Resource report: {"command_name": "debug", "command_success": false, "command_wall_clock_time": 2.0605733, "process_in_blocks": "0", "process_kernel_time": 0.338032, "process_mem_max_rss": "202976", "process_out_blocks": "24", "process_user_time": 2.438019}
[0m19:25:26.345832 [debug] [MainThread]: Command `dbt debug` failed at 19:25:26.345687 after 2.06 seconds
[0m19:25:26.346296 [debug] [MainThread]: Connection 'debug' was properly closed.
[0m19:25:26.346834 [debug] [MainThread]: Sending event: {'category': 'dbt', 'action': 'invocation', 'label': 'end', 'context': [<snowplow_tracker.self_describing_json.SelfDescribingJson object at 0x7c1a5f576450>, <snowplow_tracker.self_describing_json.SelfDescribingJson object at 0x7c1a5f575a00>, <snowplow_tracker.self_describing_json.SelfDescribingJson object at 0x7c1a357a3170>]}
[0m19:25:26.347468 [debug] [MainThread]: Flushing usage events
[0m19:25:27.246429 [debug] [MainThread]: An error was encountered while trying to flush usage events
[0m19:57:33.383035 [debug] [MainThread]: Sending event: {'category': 'dbt', 'action': 'invocation', 'label': 'start', 'context': [<snowplow_tracker.self_describing_json.SelfDescribingJson object at 0x77747aba3fe0>, <snowplow_tracker.self_describing_json.SelfDescribingJson object at 0x77747b297cb0>, <snowplow_tracker.self_describing_json.SelfDescribingJson object at 0x77747cebad20>]}


============================== 19:57:33.385889 | 7869befe-b199-44e0-a6ad-eb640f894593 ==============================
[0m19:57:33.385889 [info ] [MainThread]: Running with dbt=1.9.2
[0m19:57:33.386382 [debug] [MainThread]: running dbt with arguments {'printer_width': '80', 'indirect_selection': 'eager', 'write_json': 'True', 'log_cache_events': 'False', 'partial_parse': 'True', 'cache_selected_only': 'False', 'warn_error': 'None', 'debug': 'False', 'version_check': 'True', 'log_path': 'logs', 'profiles_dir': '/home/alexandre-colmenero/.dbt', 'fail_fast': 'False', 'use_colors': 'True', 'use_experimental_parser': 'False', 'empty': 'False', 'quiet': 'False', 'no_print': 'None', 'log_format': 'default', 'introspect': 'True', 'static_parser': 'True', 'invocation_command': 'dbt build --select orders', 'target_path': 'None', 'warn_error_options': 'WarnErrorOptions(include=[], exclude=[])', 'send_anonymous_usage_stats': 'True'}
[0m19:57:33.386855 [error] [MainThread]: Encountered an error:
Runtime Error
  No dbt_project.yml found at expected path /home/alexandre-colmenero/Estudo/dbt/dbt_env/dbt_project.yml
  Verify that each entry within packages.yml (and their transitive dependencies) contains a file named dbt_project.yml
  
[0m19:57:33.387631 [debug] [MainThread]: Resource report: {"command_name": "build", "command_success": false, "command_wall_clock_time": 0.085796684, "process_in_blocks": "0", "process_kernel_time": 0.136677, "process_mem_max_rss": "87764", "process_out_blocks": "8", "process_user_time": 1.082442}
[0m19:57:33.388067 [debug] [MainThread]: Command `dbt build` failed at 19:57:33.387978 after 0.09 seconds
[0m19:57:33.388431 [debug] [MainThread]: Sending event: {'category': 'dbt', 'action': 'invocation', 'label': 'end', 'context': [<snowplow_tracker.self_describing_json.SelfDescribingJson object at 0x77747ac26630>, <snowplow_tracker.self_describing_json.SelfDescribingJson object at 0x77747e5739e0>, <snowplow_tracker.self_describing_json.SelfDescribingJson object at 0x77747b637d40>]}
[0m19:57:33.388802 [debug] [MainThread]: Flushing usage events
[0m19:57:34.129438 [debug] [MainThread]: An error was encountered while trying to flush usage events
